<?xml version="1.0" encoding="UTF-8"?>
<!-- Generated by org.testng.reporters.JUnitReportReporter -->
<testsuite hostname="DESKTOP-LFVEGP4" failures="0" tests="1" name="testcases.T005DeleteLeadVerification" time="25.057" errors="0" timestamp="2023-06-24T01:57:48 GMT-04:00" skipped="0">
  <testcase classname="testcases.T005DeleteLeadVerification" name="runDeleteLead" time="25.057"/>
  <system-out/>
</testsuite> <!-- testcases.T005DeleteLeadVerification -->
