<?xml version="1.0" encoding="UTF-8"?>
<!-- Generated by org.testng.reporters.JUnitReportReporter -->
<testsuite hostname="DESKTOP-LFVEGP4" failures="0" tests="1" name="testcases.CreateLeadVerificaiton" time="27.745" errors="0" timestamp="2023-06-21T15:45:49 GMT-04:00" skipped="0">
  <testcase classname="testcases.CreateLeadVerificaiton" name="runCreateLead" time="27.745"/>
  <system-out/>
</testsuite> <!-- testcases.CreateLeadVerificaiton -->
