<?xml version="1.0" encoding="UTF-8"?>
<!-- Generated by org.testng.reporters.JUnitReportReporter -->
<testsuite hostname="DESKTOP-LFVEGP4" failures="0" tests="1" name="testcases.T005DuplicateLeadVerification" time="50.403" errors="0" timestamp="2023-06-21T19:54:15 GMT-04:00" skipped="0">
  <testcase classname="testcases.T005DuplicateLeadVerification" name="runDuplicateLead" time="50.403"/>
  <system-out/>
</testsuite> <!-- testcases.T005DuplicateLeadVerification -->
