<?xml version="1.0" encoding="UTF-8"?>
<!-- Generated by org.testng.reporters.JUnitReportReporter -->
<testsuite hostname="DESKTOP-LFVEGP4" failures="0" tests="1" name="testcases.T001Loginverificaiton" time="6.968" errors="0" timestamp="2023-06-21T15:47:11 GMT-04:00" skipped="0">
  <testcase classname="testcases.T001Loginverificaiton" name="runLogin" time="6.968"/>
  <system-out/>
</testsuite> <!-- testcases.T001Loginverificaiton -->
