<?xml version="1.0" encoding="UTF-8"?>
<!-- Generated by org.testng.reporters.JUnitReportReporter -->
<testsuite hostname="DESKTOP-LFVEGP4" failures="0" tests="1" name="testcases.Loginverificaiton" time="62.410" errors="0" timestamp="2023-06-18T03:41:48 GMT-04:00" skipped="0">
  <testcase classname="testcases.Loginverificaiton" name="runLogin" time="62.410"/>
  <system-out/>
</testsuite> <!-- testcases.Loginverificaiton -->
