<?xml version="1.0" encoding="UTF-8"?>
<!-- Generated by org.testng.reporters.JUnitReportReporter -->
<testsuite hostname="DESKTOP-LFVEGP4" failures="0" tests="1" name="testcases.T001VerifyNewIndividualCreation" time="46.350" errors="0" timestamp="2023-06-21T11:06:09 GMT-04:00" skipped="0">
  <testcase classname="testcases.T001VerifyNewIndividualCreation" name="runNewIndividualCreation" time="46.350"/>
  <system-out/>
</testsuite> <!-- testcases.T001VerifyNewIndividualCreation -->
