<?xml version="1.0" encoding="UTF-8"?>
<!-- Generated by org.testng.reporters.JUnitReportReporter -->
<testsuite hostname="DESKTOP-LFVEGP4" failures="0" tests="2" name="testcases.T002EditLeadVerificaiton" time="88.942" errors="0" timestamp="2023-06-24T01:57:48 GMT-04:00" skipped="0">
  <testcase classname="testcases.T002EditLeadVerificaiton" name="runEdidLead" time="34.248"/>
  <system-out/>
  <testcase classname="testcases.T002EditLeadVerificaiton" name="runEdidLead" time="54.694"/>
  <system-out/>
</testsuite> <!-- testcases.T002EditLeadVerificaiton -->
