<?xml version="1.0" encoding="UTF-8"?>
<!-- Generated by org.testng.reporters.JUnitReportReporter -->
<testsuite hostname="DESKTOP-LFVEGP4" failures="0" tests="1" name="testcases.T004MergeLeadVerificaiton" time="61.198" errors="0" timestamp="2023-06-21T19:54:15 GMT-04:00" skipped="0">
  <testcase classname="testcases.T004MergeLeadVerificaiton" name="runEdidLead" time="61.198"/>
  <system-out/>
</testsuite> <!-- testcases.T004MergeLeadVerificaiton -->
