<?xml version="1.0" encoding="UTF-8"?>
<!-- Generated by org.testng.reporters.JUnitReportReporter -->
<testsuite hostname="DESKTOP-LFVEGP4" failures="0" tests="2" name="testcases.T001CreateLeadVerificaiton" time="73.945" errors="0" timestamp="2023-06-24T01:57:48 GMT-04:00" skipped="0">
  <testcase classname="testcases.T001CreateLeadVerificaiton" name="runCreateLead" time="42.704"/>
  <system-out/>
  <testcase classname="testcases.T001CreateLeadVerificaiton" name="runCreateLead" time="31.241"/>
  <system-out/>
</testsuite> <!-- testcases.T001CreateLeadVerificaiton -->
