<?xml version="1.0" encoding="UTF-8"?>
<!-- Generated by org.testng.reporters.JUnitReportReporter -->
<testsuite hostname="DESKTOP-LFVEGP4" failures="0" tests="2" name="testcases.T004DuplicateLeadVerification" time="109.587" errors="0" timestamp="2023-06-24T01:57:48 GMT-04:00" skipped="0">
  <testcase classname="testcases.T004DuplicateLeadVerification" name="runDuplicateLead" time="70.075"/>
  <system-out/>
  <testcase classname="testcases.T004DuplicateLeadVerification" name="runDuplicateLead" time="39.512"/>
  <system-out/>
</testsuite> <!-- testcases.T004DuplicateLeadVerification -->
