<?xml version="1.0" encoding="UTF-8"?>
<!-- Generated by org.testng.reporters.JUnitReportReporter -->
<testsuite hostname="DESKTOP-LFVEGP4" failures="0" tests="5" name="runner.CucumberRunner" time="201.321" errors="0" timestamp="2023-06-24T02:23:59 GMT-04:00" skipped="0">
  <testcase classname="runner.CucumberRunner" name="runScenario" time="44.109"/>
  <system-out/>
  <testcase classname="runner.CucumberRunner" name="runScenario" time="50.224"/>
  <system-out/>
  <testcase classname="runner.CucumberRunner" name="runScenario" time="43.684"/>
  <system-out/>
  <testcase classname="runner.CucumberRunner" name="runScenario" time="23.038"/>
  <system-out/>
  <testcase classname="runner.CucumberRunner" name="runScenario" time="40.266"/>
  <system-out/>
</testsuite> <!-- runner.CucumberRunner -->
