<?xml version="1.0" encoding="UTF-8"?>
<!-- Generated by org.testng.reporters.JUnitReportReporter -->
<testsuite hostname="DESKTOP-LFVEGP4" failures="0" tests="3" name="runner.CucumberRunnerForFrench" time="131.298" errors="0" timestamp="2023-06-24T02:23:59 GMT-04:00" skipped="0">
  <testcase classname="runner.CucumberRunnerForFrench" name="runScenario" time="49.572"/>
  <system-out/>
  <testcase classname="runner.CucumberRunnerForFrench" name="runScenario" time="47.897"/>
  <system-out/>
  <testcase classname="runner.CucumberRunnerForFrench" name="runScenario" time="33.829"/>
  <system-out/>
</testsuite> <!-- runner.CucumberRunnerForFrench -->
