<?xml version="1.0" encoding="UTF-8"?>
<!-- Generated by org.testng.reporters.JUnitReportReporter -->
<testsuite hostname="DESKTOP-LFVEGP4" failures="0" tests="1" name="testcases.T003MergeLeadVerificaiton" time="110.443" errors="0" timestamp="2023-06-24T01:57:48 GMT-04:00" skipped="0">
  <testcase classname="testcases.T003MergeLeadVerificaiton" name="runEdidLead" time="110.443"/>
  <system-out/>
</testsuite> <!-- testcases.T003MergeLeadVerificaiton -->
